<?xml version="1.0" encoding="UTF-8"?>
<!-- Generated by org.testng.reporters.JUnitReportReporter -->
<testsuite hostname="LAPTOP-6BCBJ26G" failures="0" tests="6" name="com.nopcommerce.user.Level_20_Fake_Data" time="8.100" errors="0" timestamp="02 Jul 2022 02:18:52 GMT" skipped="0">
  <testcase classname="com.nopcommerce.user.Level_20_Fake_Data" name="Login_02_Invalid_Email" time="0.914"/>
  <testcase classname="com.nopcommerce.user.Level_20_Fake_Data" name="Login_06_Valid_Email_Password" time="2.351"/>
  <testcase classname="com.nopcommerce.user.Level_20_Fake_Data" name="Login_04_Existing_Email_Empty_Password" time="1.369"/>
  <testcase classname="com.nopcommerce.user.Level_20_Fake_Data" name="Login_03_Email_Not_Found" time="1.216"/>
  <testcase classname="com.nopcommerce.user.Level_20_Fake_Data" name="Login_05_Existing_Email_Incorrect_Password" time="1.347"/>
  <testcase classname="com.nopcommerce.user.Level_20_Fake_Data" name="Login_01_Empty_Data" time="0.903"/>
</testsuite> <!-- com.nopcommerce.user.Level_20_Fake_Data -->
